<?xml version="1.0" encoding="UTF-8"?>
<testsuite xmlns:xsi="http://www.w3.org/2001/XMLSchema-instance" xsi:noNamespaceSchemaLocation="https://maven.apache.org/surefire/maven-surefire-plugin/xsd/surefire-test-report.xsd" version="3.0.2" name="com.ece493.cms.unit.PaperDetailsServletTest" time="0.016" tests="6" errors="0" skipped="0" failures="0">
  <properties>
[...]
</properties>
  <testcase name="handlesNullUriAndBlankSessionEmail" classname="com.ece493.cms.unit.PaperDetailsServletTest" time="0.006"/>
  <testcase name="returnsFileDownloadWhenAvailable" classname="com.ece493.cms.unit.PaperDetailsServletTest" time="0.001"/>
  <testcase name="handlesMissingAndBadPaths" classname="com.ece493.cms.unit.PaperDetailsServletTest" time="0.001"/>
  <testcase name="handlesInvalidBase64DocxAndUnknownFileType" classname="com.ece493.cms.unit.PaperDetailsServletTest" time="0.001"/>
  <testcase name="requiresLoginForPaperDetails" classname="com.ece493.cms.unit.PaperDetailsServletTest" time="0.0"/>
  <testcase name="returnsPaperDetailsWithDownloadUrl" classname="com.ece493.cms.unit.PaperDetailsServletTest" time="0.003"/>
</testsuite>